TN:
SF:/home/kevin/Documents/GitHub/limit-pocs/node_modules/@openzeppelin/contracts/token/ERC20/ERC20.sol
DA:1,0
DA:38,0
DA:54,0
DA:55,0
DA:56,0
DA:62,8
DA:63,0
DA:70,0
DA:71,0
DA:87,0
DA:88,0
DA:94,4
DA:95,0
DA:101,10
DA:102,13
DA:113,0
DA:115,0
DA:122,3
DA:123,28
DA:136,18
DA:138,6
DA:139,2
DA:158,14
DA:160,6
DA:161,7
DA:162,2
DA:177,0
DA:179,0
DA:197,0
DA:199,0
DA:200,8
DA:202,0
DA:222,1
DA:223,5
DA:224,5
DA:228,14
DA:229,7
DA:231,20
DA:234,18
DA:237,11
DA:239,1
DA:251,1
DA:252,5
DA:256,15
DA:259,20
DA:261,10
DA:277,1
DA:278,0
DA:282,0
DA:283,0
DA:285,0
DA:287,0
DA:290,0
DA:308,5
DA:309,5
DA:310,5
DA:312,32
DA:313,12
DA:324,6
DA:325,9
DA:326,4
DA:327,15
DA:329,9
DA:348,0
end_of_record

SF:/home/kevin/Documents/GitHub/limit-pocs/node_modules/@openzeppelin/contracts/token/ERC20/IERC20.sol
end_of_record

SF:/home/kevin/Documents/GitHub/limit-pocs/node_modules/@openzeppelin/contracts/token/ERC20/extensions/ERC20Burnable.sol
DA:20,0
DA:21,0
DA:35,0
DA:36,0
DA:37,0
end_of_record

SF:/home/kevin/Documents/GitHub/limit-pocs/node_modules/@openzeppelin/contracts/token/ERC20/extensions/IERC20Metadata.sol
end_of_record

SF:/home/kevin/Documents/GitHub/limit-pocs/node_modules/@openzeppelin/contracts/utils/Context.sol
DA:18,4
end_of_record

SF:/home/kevin/Documents/GitHub/limit-pocs/contracts/EchidnaPool.sol
DA:17,100
DA:33,8
DA:34,8
DA:35,8
DA:36,19
DA:37,8
DA:38,8
DA:39,23
DA:77,42
DA:78,36
DA:79,33
DA:80,27
DA:85,0
DA:86,0
DA:87,0
DA:88,0
DA:89,0
DA:91,0
DA:92,0
DA:93,0
DA:96,13
DA:98,0
DA:99,0
DA:101,0
DA:102,0
DA:106,0
DA:107,0
DA:108,0
DA:110,0
DA:111,0
DA:112,0
DA:117,0
DA:118,0
DA:119,0
DA:122,0
DA:123,0
DA:124,0
DA:127,0
DA:128,0
DA:132,0
DA:133,0
DA:135,0
DA:136,0
DA:138,0
DA:139,0
DA:140,0
DA:143,0
DA:144,0
DA:147,0
DA:152,0
DA:153,0
DA:155,0
DA:157,0
DA:161,0
DA:162,0
DA:163,0
DA:165,0
DA:167,0
DA:169,0
DA:170,0
DA:181,0
DA:183,0
DA:184,0
DA:195,11
DA:197,4
DA:201,3
DA:202,7
DA:203,3
DA:204,4
DA:205,4
DA:206,20
DA:208,62
DA:211,74
DA:212,70
DA:213,14
DA:214,8
DA:217,13
DA:219,10
DA:220,0
DA:221,0
DA:222,0
DA:225,0
DA:227,0
DA:228,0
DA:229,0
DA:230,0
DA:231,0
DA:233,0
DA:234,0
DA:235,0
DA:238,0
DA:239,0
DA:240,0
DA:241,0
DA:245,0
DA:247,0
DA:249,0
DA:253,0
DA:254,0
DA:255,0
DA:256,0
DA:259,13
DA:261,0
DA:262,0
DA:263,0
DA:266,0
DA:267,0
DA:268,0
DA:269,0
DA:272,0
DA:273,0
DA:274,0
DA:275,0
DA:276,0
DA:277,0
DA:281,16
DA:285,2
DA:286,68
DA:287,70
DA:289,8
DA:290,14
DA:292,13
DA:296,2
DA:298,42
DA:299,43
DA:300,42
DA:301,43
DA:302,64
DA:303,65
DA:306,7
DA:307,0
DA:310,13
DA:311,0
DA:312,0
DA:313,0
DA:314,0
DA:316,0
DA:317,0
DA:318,0
DA:319,0
DA:320,0
DA:321,0
DA:324,0
DA:325,0
DA:326,0
DA:327,0
DA:328,0
DA:329,0
DA:332,0
DA:333,0
DA:334,0
DA:338,0
DA:339,0
DA:344,0
DA:345,0
DA:346,0
DA:348,0
end_of_record

SF:/home/kevin/Documents/GitHub/limit-pocs/contracts/LimitPool.sol
DA:20,52
DA:32,0
DA:37,0
DA:42,0
DA:43,0
DA:46,0
DA:47,0
DA:49,0
DA:52,0
DA:53,0
DA:56,0
DA:64,0
DA:65,0
DA:66,0
DA:67,0
DA:68,0
DA:69,0
DA:70,0
DA:75,0
DA:81,0
DA:83,0
DA:84,0
DA:85,0
DA:86,0
DA:88,0
DA:91,0
DA:92,0
DA:93,0
DA:94,0
DA:95,0
DA:96,0
DA:98,0
DA:101,0
DA:103,0
DA:104,0
DA:105,0
DA:107,0
DA:108,0
DA:109,0
DA:110,0
DA:113,0
DA:116,0
DA:117,0
DA:118,0
DA:119,0
DA:120,0
DA:121,0
DA:123,0
DA:124,0
DA:127,0
DA:131,0
DA:132,0
DA:135,0
DA:136,0
DA:137,0
DA:142,0
DA:148,0
DA:149,0
DA:151,0
DA:152,0
DA:153,0
DA:154,0
DA:156,0
DA:159,0
DA:160,0
DA:161,0
DA:163,0
DA:164,0
DA:166,0
DA:168,0
DA:171,0
DA:173,0
DA:174,0
DA:175,0
DA:177,0
DA:178,0
DA:179,0
DA:180,0
DA:183,0
DA:186,0
DA:187,0
DA:188,0
DA:193,0
DA:196,0
DA:197,0
DA:211,0
DA:217,0
DA:218,0
DA:221,0
DA:222,0
DA:223,0
DA:224,0
DA:226,0
DA:227,0
DA:228,0
DA:229,0
DA:230,0
DA:231,0
DA:235,0
DA:238,0
DA:239,0
DA:240,0
DA:242,0
DA:243,0
DA:244,0
DA:245,0
DA:246,0
DA:247,0
DA:248,0
DA:249,0
DA:250,0
DA:254,0
DA:257,0
DA:259,0
DA:260,0
DA:261,0
DA:262,0
DA:263,0
DA:264,0
DA:265,0
DA:266,0
DA:267,0
DA:268,0
DA:269,0
DA:270,0
DA:271,0
DA:272,0
DA:274,0
DA:278,0
DA:287,0
DA:288,0
DA:289,0
DA:290,0
DA:291,0
DA:292,0
DA:293,0
DA:294,0
DA:296,0
DA:297,0
DA:298,0
DA:299,0
DA:300,0
DA:301,0
DA:302,0
DA:303,0
DA:304,0
DA:307,0
DA:308,0
DA:310,0
DA:311,0
DA:312,0
DA:313,0
DA:314,0
DA:315,0
DA:316,0
DA:320,0
DA:321,0
DA:324,0
DA:325,0
DA:328,0
DA:330,0
DA:333,0
DA:334,0
DA:335,0
DA:336,0
DA:337,0
DA:338,0
DA:339,0
DA:340,0
DA:341,0
DA:343,0
DA:344,0
DA:347,0
DA:350,0
DA:351,0
end_of_record

SF:/home/kevin/Documents/GitHub/limit-pocs/contracts/LimitPoolFactory.sol
DA:12,0
DA:20,0
DA:21,0
DA:23,0
DA:26,0
DA:27,0
DA:30,0
DA:36,0
DA:39,0
DA:40,0
DA:45,0
DA:46,0
DA:49,0
DA:52,0
DA:53,0
DA:56,0
DA:57,0
DA:58,0
DA:59,0
DA:60,0
DA:64,0
DA:67,0
DA:68,0
DA:69,0
DA:70,0
DA:71,0
DA:72,0
DA:73,0
DA:76,0
DA:77,0
DA:78,0
DA:79,0
DA:80,0
DA:81,0
DA:82,0
DA:83,0
DA:84,0
DA:89,0
DA:92,0
DA:94,0
DA:97,0
DA:98,0
DA:103,0
DA:108,0
DA:110,0
DA:111,0
DA:114,0
DA:117,0
DA:118,0
DA:121,0
DA:128,0
end_of_record

SF:/home/kevin/Documents/GitHub/limit-pocs/contracts/base/events/LimitPoolEvents.sol
end_of_record

SF:/home/kevin/Documents/GitHub/limit-pocs/contracts/base/events/LimitPoolFactoryEvents.sol
end_of_record

SF:/home/kevin/Documents/GitHub/limit-pocs/contracts/base/events/LimitPoolManagerEvents.sol
end_of_record

SF:/home/kevin/Documents/GitHub/limit-pocs/contracts/base/modifiers/LimitPoolModifiers.sol
end_of_record

SF:/home/kevin/Documents/GitHub/limit-pocs/contracts/base/storage/LimitPoolFactoryStorage.sol
DA:5,0
end_of_record

SF:/home/kevin/Documents/GitHub/limit-pocs/contracts/base/storage/LimitPoolImmutables.sol
DA:6,0
DA:7,0
DA:8,0
DA:11,0
DA:12,0
DA:15,0
DA:16,0
DA:19,0
DA:20,0
DA:23,0
DA:24,0
DA:27,0
DA:28,0
end_of_record

SF:/home/kevin/Documents/GitHub/limit-pocs/contracts/base/storage/LimitPoolStorage.sol
DA:9,0
DA:10,0
DA:11,0
DA:12,0
DA:13,0
DA:14,0
DA:15,0
DA:16,0
DA:17,0
end_of_record

SF:/home/kevin/Documents/GitHub/limit-pocs/contracts/base/structs/CurveMathStructs.sol
end_of_record

SF:/home/kevin/Documents/GitHub/limit-pocs/contracts/base/structs/LimitPoolFactoryStructs.sol
end_of_record

SF:/home/kevin/Documents/GitHub/limit-pocs/contracts/base/structs/PoolsharkStructs.sol
end_of_record

SF:/home/kevin/Documents/GitHub/limit-pocs/contracts/external/openzeppelin/security/ReentrancyGuard.sol
DA:34,0
DA:35,0
DA:52,0
DA:54,0
DA:57,0
DA:59,0
DA:60,0
DA:64,0
DA:67,0
DA:70,0
end_of_record

SF:/home/kevin/Documents/GitHub/limit-pocs/contracts/interfaces/IERC20Minimal.sol
end_of_record

SF:/home/kevin/Documents/GitHub/limit-pocs/contracts/interfaces/ILimitPool.sol
end_of_record

SF:/home/kevin/Documents/GitHub/limit-pocs/contracts/interfaces/ILimitPoolFactory.sol
end_of_record

SF:/home/kevin/Documents/GitHub/limit-pocs/contracts/interfaces/ILimitPoolManager.sol
end_of_record

SF:/home/kevin/Documents/GitHub/limit-pocs/contracts/interfaces/ILimitPoolStructs.sol
end_of_record

SF:/home/kevin/Documents/GitHub/limit-pocs/contracts/interfaces/IPool.sol
end_of_record

SF:/home/kevin/Documents/GitHub/limit-pocs/contracts/interfaces/callbacks/IPoolsharkSwapCallback.sol
end_of_record

SF:/home/kevin/Documents/GitHub/limit-pocs/contracts/interfaces/modules/curves/ICurveMath.sol
end_of_record

SF:/home/kevin/Documents/GitHub/limit-pocs/contracts/interfaces/modules/curves/IDyDxMath.sol
end_of_record

SF:/home/kevin/Documents/GitHub/limit-pocs/contracts/interfaces/modules/curves/ITickMath.sol
end_of_record

SF:/home/kevin/Documents/GitHub/limit-pocs/contracts/interfaces/modules/sources/ITwapSource.sol
end_of_record

SF:/home/kevin/Documents/GitHub/limit-pocs/contracts/libraries/Claims.sol
DA:11,0
DA:15,0
DA:26,0
DA:29,0
DA:30,0
DA:31,0
DA:35,0
DA:36,0
DA:37,0
DA:38,0
DA:39,0
DA:41,0
DA:42,0
DA:45,0
DA:47,0
DA:49,0
DA:50,0
DA:51,0
DA:52,0
DA:53,0
DA:54,0
DA:56,0
DA:57,0
DA:58,0
DA:60,0
DA:61,0
DA:62,0
DA:63,0
DA:65,0
DA:68,0
DA:69,0
DA:70,0
DA:71,0
DA:74,0
DA:75,0
DA:76,0
DA:78,0
DA:79,0
DA:80,0
DA:81,0
DA:83,0
DA:88,0
DA:89,0
DA:90,0
DA:91,0
DA:93,0
DA:94,0
DA:95,0
DA:97,0
DA:98,0
DA:99,0
DA:104,0
DA:106,0
DA:107,0
DA:110,0
DA:112,0
DA:113,0
DA:115,0
DA:116,0
DA:117,0
DA:120,0
DA:121,0
DA:128,0
DA:129,0
DA:130,0
DA:131,0
DA:134,0
DA:137,0
DA:142,0
DA:146,0
DA:147,0
DA:148,0
DA:150,0
DA:152,0
DA:154,0
DA:156,0
DA:157,0
DA:158,0
DA:159,0
DA:162,0
DA:163,0
DA:164,0
DA:166,0
DA:168,0
DA:169,0
DA:171,0
DA:172,0
DA:176,0
DA:177,0
DA:178,0
DA:182,0
DA:183,0
DA:184,0
DA:185,0
DA:188,0
end_of_record

SF:/home/kevin/Documents/GitHub/limit-pocs/contracts/libraries/EchidnaAssertions.sol
DA:4,0
DA:12,0
DA:13,0
DA:17,0
DA:18,0
DA:19,0
DA:22,0
DA:23,0
DA:24,0
DA:27,0
DA:28,0
DA:29,0
DA:32,0
DA:33,0
DA:34,0
end_of_record

SF:/home/kevin/Documents/GitHub/limit-pocs/contracts/libraries/EpochMap.sol
DA:7,0
DA:8,0
DA:14,0
DA:15,0
DA:16,0
DA:17,0
DA:18,0
DA:19,0
DA:21,0
DA:23,0
DA:25,0
DA:27,0
DA:49,0
DA:54,0
DA:56,0
DA:57,0
DA:58,0
DA:59,0
DA:60,0
DA:61,0
DA:63,0
DA:65,0
DA:67,0
DA:71,0
DA:75,0
DA:76,0
DA:77,0
DA:78,0
DA:82,0
DA:83,0
DA:84,0
DA:85,0
DA:87,0
DA:88,0
DA:89,0
DA:90,0
DA:91,0
DA:92,0
DA:93,0
DA:110,0
DA:114,0
DA:116,0
end_of_record

SF:/home/kevin/Documents/GitHub/limit-pocs/contracts/libraries/Positions.sol
DA:16,0
DA:30,0
DA:37,0
DA:40,0
DA:42,0
DA:43,0
DA:46,0
DA:48,0
DA:50,0
DA:51,0
DA:52,0
DA:53,0
DA:54,0
DA:55,0
DA:58,0
DA:61,0
DA:62,0
DA:63,0
DA:65,0
DA:67,0
DA:70,0
DA:71,0
DA:72,0
DA:73,0
DA:76,0
DA:77,0
DA:78,0
DA:79,0
DA:82,0
DA:83,0
DA:85,0
DA:86,0
DA:87,0
DA:88,0
DA:89,0
DA:90,0
DA:91,0
DA:93,0
DA:94,0
DA:95,0
DA:97,0
DA:98,0
DA:101,0
DA:104,0
DA:106,0
DA:107,0
DA:108,0
DA:111,0
DA:112,0
DA:113,0
DA:116,0
DA:117,0
DA:118,0
DA:121,0
DA:122,0
DA:124,0
DA:125,0
DA:127,0
DA:129,0
DA:131,0
DA:132,0
DA:134,0
DA:135,0
DA:137,0
DA:139,0
DA:140,0
DA:141,0
DA:142,0
DA:143,0
DA:144,0
DA:145,0
DA:149,0
DA:150,0
DA:153,0
DA:156,0
DA:161,0
DA:167,0
DA:168,0
DA:170,0
DA:172,0
DA:173,0
DA:176,0
DA:177,0
DA:178,0
DA:179,0
DA:180,0
DA:181,0
DA:183,0
DA:189,0
DA:190,0
DA:191,0
DA:192,0
DA:193,0
DA:197,0
DA:199,0
DA:201,0
DA:204,0
DA:213,0
DA:214,0
DA:217,0
DA:218,0
DA:219,0
DA:220,0
DA:221,0
DA:224,0
DA:227,0
DA:228,0
DA:229,0
DA:232,0
DA:233,0
DA:234,0
DA:235,0
DA:236,0
DA:237,0
DA:238,0
DA:239,0
DA:241,0
DA:242,0
DA:243,0
DA:249,0
DA:250,0
DA:251,0
DA:252,0
DA:253,0
DA:254,0
DA:255,0
DA:257,0
DA:258,0
DA:259,0
DA:264,0
DA:265,0
DA:266,0
DA:267,0
DA:268,0
DA:269,0
DA:273,0
DA:274,0
DA:276,0
DA:277,0
DA:278,0
DA:279,0
DA:282,0
DA:283,0
DA:285,0
DA:286,0
DA:287,0
DA:288,0
DA:289,0
DA:290,0
DA:291,0
DA:292,0
DA:293,0
DA:294,0
DA:297,0
DA:300,0
DA:311,0
DA:312,0
DA:313,0
DA:316,0
DA:317,0
DA:321,0
DA:322,0
DA:323,0
DA:324,0
DA:325,0
DA:326,0
DA:327,0
DA:328,0
DA:331,0
DA:332,0
DA:335,0
DA:337,0
DA:338,0
DA:339,0
DA:340,0
DA:345,0
DA:346,0
DA:348,0
DA:349,0
DA:351,0
DA:352,0
DA:354,0
DA:355,0
DA:356,0
DA:358,0
DA:359,0
DA:360,0
DA:361,0
DA:363,0
DA:364,0
DA:366,0
DA:367,0
DA:368,0
DA:369,0
DA:371,0
DA:372,0
DA:373,0
DA:374,0
DA:375,0
DA:376,0
DA:379,0
DA:381,0
DA:382,0
DA:384,0
DA:385,0
DA:386,0
DA:387,0
DA:388,0
DA:391,0
DA:392,0
DA:395,0
DA:396,0
DA:398,0
DA:399,0
DA:401,0
DA:404,0
DA:405,0
DA:406,0
DA:410,0
DA:411,0
DA:413,0
DA:414,0
DA:415,0
DA:416,0
DA:417,0
DA:418,0
DA:419,0
DA:420,0
DA:421,0
DA:424,0
DA:427,0
DA:437,0
DA:439,0
DA:440,0
DA:444,0
DA:445,0
DA:446,0
DA:447,0
DA:448,0
DA:449,0
DA:450,0
DA:451,0
DA:454,0
DA:455,0
DA:457,0
DA:458,0
DA:462,0
DA:463,0
DA:464,0
DA:466,0
DA:469,0
DA:473,0
DA:476,0
DA:477,0
DA:478,0
DA:481,0
DA:492,0
DA:495,0
DA:496,0
DA:497,0
DA:498,0
DA:499,0
DA:500,0
DA:501,0
DA:502,0
DA:503,0
DA:504,0
DA:507,0
DA:510,0
DA:511,0
DA:512,0
DA:513,0
DA:514,0
DA:517,0
DA:519,0
DA:520,0
DA:523,0
DA:525,0
end_of_record

SF:/home/kevin/Documents/GitHub/limit-pocs/contracts/libraries/TickMap.sol
DA:8,0
DA:35,0
DA:40,0
DA:42,0
DA:43,0
DA:44,0
DA:45,0
DA:46,0
DA:49,0
DA:50,0
DA:51,0
DA:54,0
DA:55,0
DA:56,0
DA:60,0
DA:64,0
DA:65,0
DA:66,0
DA:67,0
DA:68,0
DA:69,0
DA:71,0
DA:72,0
DA:73,0
DA:74,0
DA:75,0
DA:80,0
DA:86,0
DA:90,0
DA:91,0
DA:93,0
DA:94,0
DA:95,0
DA:97,0
DA:101,0
DA:102,0
DA:103,0
DA:104,0
DA:105,0
DA:107,0
DA:108,0
DA:109,0
DA:110,0
DA:111,0
DA:112,0
DA:114,0
DA:115,0
DA:117,0
DA:118,0
DA:120,0
DA:124,0
DA:130,0
DA:132,0
DA:134,0
DA:135,0
DA:138,0
DA:139,0
DA:140,0
DA:141,0
DA:143,0
DA:144,0
DA:145,0
DA:146,0
DA:147,0
DA:148,0
DA:149,0
DA:150,0
DA:152,0
DA:153,0
DA:154,0
DA:155,0
DA:157,0
DA:158,0
DA:159,0
DA:160,0
DA:161,0
DA:163,0
DA:164,0
DA:166,0
DA:170,0
DA:174,0
DA:180,0
DA:181,0
DA:182,0
DA:183,0
DA:184,0
DA:185,0
DA:186,0
DA:187,0
DA:188,0
DA:194,0
DA:198,0
DA:201,0
DA:202,0
DA:203,0
DA:207,0
DA:210,0
DA:213,0
DA:214,0
DA:215,0
DA:216,0
DA:218,0
DA:219,0
DA:220,0
DA:222,0
DA:223,0
DA:224,0
DA:226,0
DA:227,0
DA:228,0
DA:230,0
DA:231,0
DA:232,0
DA:234,0
DA:235,0
DA:236,0
DA:238,0
DA:239,0
DA:240,0
DA:242,0
DA:246,0
DA:249,0
DA:252,0
DA:253,0
DA:254,0
DA:255,0
DA:257,0
DA:259,0
DA:260,0
DA:262,0
DA:264,0
DA:265,0
DA:267,0
DA:269,0
DA:270,0
DA:272,0
DA:274,0
DA:275,0
DA:277,0
DA:279,0
DA:280,0
DA:282,0
DA:284,0
DA:285,0
DA:287,0
DA:289,0
DA:302,0
DA:307,0
DA:314,0
DA:315,0
DA:316,0
DA:317,0
DA:318,0
DA:319,0
DA:320,0
DA:321,0
DA:322,0
DA:324,0
DA:326,0
DA:327,0
DA:328,0
DA:329,0
DA:334,0
DA:340,0
DA:341,0
DA:342,0
DA:343,0
DA:344,0
DA:345,0
DA:346,0
DA:348,0
DA:349,0
DA:350,0
DA:352,0
DA:353,0
DA:358,0
DA:360,0
DA:364,0
DA:370,0
DA:371,0
DA:372,0
DA:373,0
DA:374,0
DA:375,0
DA:376,0
DA:378,0
DA:379,0
DA:382,0
DA:383,0
DA:384,0
DA:386,0
DA:387,0
end_of_record

SF:/home/kevin/Documents/GitHub/limit-pocs/contracts/libraries/Ticks.sol
DA:17,0
DA:45,0
DA:56,0
DA:59,0
DA:60,0
DA:63,0
DA:66,0
DA:67,0
DA:70,0
DA:71,0
DA:73,0
DA:74,0
DA:75,0
DA:78,0
DA:79,0
DA:80,0
DA:81,0
DA:84,0
DA:99,0
DA:106,0
DA:107,0
DA:110,0
DA:111,0
DA:112,0
DA:113,0
DA:114,0
DA:115,0
DA:116,0
DA:117,0
DA:118,0
DA:119,0
DA:120,0
DA:121,0
DA:122,0
DA:123,0
DA:124,0
DA:128,0
DA:130,0
DA:131,0
DA:132,0
DA:133,0
DA:135,0
DA:136,0
DA:137,0
DA:138,0
DA:139,0
DA:142,0
DA:143,0
DA:144,0
DA:145,0
DA:146,0
DA:147,0
DA:148,0
DA:149,0
DA:153,0
DA:154,0
DA:156,0
DA:157,0
DA:159,0
DA:161,0
DA:162,0
DA:163,0
DA:164,0
DA:165,0
DA:166,0
DA:167,0
DA:168,0
DA:170,0
DA:173,0
DA:180,0
DA:181,0
DA:182,0
DA:184,0
DA:185,0
DA:186,0
DA:187,0
DA:188,0
DA:189,0
DA:190,0
DA:191,0
DA:192,0
DA:193,0
DA:194,0
DA:195,0
DA:196,0
DA:197,0
DA:198,0
DA:200,0
DA:201,0
DA:202,0
DA:203,0
DA:205,0
DA:206,0
DA:207,0
DA:208,0
DA:209,0
DA:211,0
DA:212,0
DA:213,0
DA:214,0
DA:215,0
DA:216,0
DA:217,0
DA:218,0
DA:223,0
DA:224,0
DA:225,0
DA:229,0
DA:235,0
DA:236,0
DA:238,0
DA:239,0
DA:240,0
DA:241,0
DA:242,0
DA:244,0
DA:245,0
DA:247,0
DA:249,0
DA:252,0
DA:253,0
DA:255,0
DA:256,0
DA:257,0
DA:259,0
DA:261,0
DA:262,0
DA:263,0
DA:264,0
DA:265,0
DA:266,0
DA:268,0
DA:269,0
DA:271,0
DA:272,0
DA:273,0
DA:274,0
DA:276,0
DA:277,0
DA:278,0
DA:280,0
DA:281,0
DA:282,0
DA:284,0
DA:285,0
DA:287,0
DA:288,0
DA:289,0
DA:290,0
DA:292,0
DA:294,0
DA:295,0
DA:297,0
DA:298,0
DA:299,0
DA:300,0
DA:301,0
DA:302,0
DA:303,0
DA:304,0
DA:305,0
DA:307,0
DA:308,0
DA:310,0
DA:311,0
DA:313,0
DA:314,0
DA:316,0
DA:317,0
DA:318,0
DA:320,0
DA:321,0
DA:322,0
DA:324,0
DA:325,0
DA:327,0
DA:328,0
DA:329,0
DA:330,0
DA:333,0
DA:334,0
DA:337,0
DA:344,0
DA:345,0
DA:348,0
DA:350,0
DA:352,0
DA:353,0
DA:354,0
DA:355,0
DA:359,0
DA:360,0
DA:361,0
DA:366,0
DA:368,0
DA:369,0
DA:370,0
DA:371,0
DA:373,0
DA:375,0
DA:378,0
DA:379,0
DA:383,0
DA:384,0
DA:386,0
DA:389,0
DA:396,0
DA:397,0
DA:399,0
DA:400,0
DA:402,0
DA:404,0
DA:405,0
DA:407,0
DA:410,0
DA:411,0
DA:412,0
DA:413,0
DA:415,0
DA:417,0
DA:420,0
DA:427,0
DA:428,0
DA:430,0
DA:431,0
DA:432,0
DA:433,0
DA:434,0
DA:436,0
DA:438,0
DA:441,0
DA:448,0
DA:449,0
DA:451,0
DA:454,0
DA:456,0
DA:457,0
DA:458,0
DA:459,0
DA:461,0
DA:463,0
DA:466,0
DA:467,0
DA:468,0
DA:469,0
DA:470,0
DA:472,0
DA:474,0
DA:478,0
DA:486,0
DA:489,0
DA:490,0
DA:491,0
DA:492,0
DA:495,0
DA:497,0
DA:498,0
DA:499,0
DA:501,0
DA:504,0
DA:506,0
DA:507,0
DA:509,0
DA:511,0
DA:512,0
DA:514,0
DA:515,0
DA:517,0
DA:518,0
DA:519,0
DA:525,0
DA:527,0
DA:528,0
DA:530,0
DA:531,0
DA:533,0
DA:534,0
DA:536,0
DA:538,0
DA:540,0
DA:545,0
DA:546,0
DA:547,0
DA:549,0
DA:550,0
DA:553,0
DA:559,0
DA:561,0
DA:562,0
DA:564,0
DA:566,0
DA:567,0
DA:568,0
DA:570,0
DA:572,0
DA:574,0
DA:576,0
DA:577,0
DA:578,0
DA:579,0
DA:580,0
DA:582,0
DA:584,0
DA:586,0
DA:590,0
DA:596,0
DA:597,0
DA:598,0
DA:599,0
DA:600,0
DA:605,0
DA:608,0
DA:610,0
DA:611,0
DA:613,0
end_of_record

SF:/home/kevin/Documents/GitHub/limit-pocs/contracts/libraries/math/ConstantProduct.sol
DA:8,0
DA:20,0
DA:25,0
DA:26,0
DA:29,0
DA:34,0
DA:35,0
DA:38,0
DA:43,0
DA:45,0
DA:46,0
DA:47,0
DA:49,0
DA:54,0
DA:59,0
DA:61,0
DA:62,0
DA:63,0
DA:64,0
DA:65,0
DA:66,0
DA:67,0
DA:69,0
DA:72,0
DA:73,0
DA:74,0
DA:75,0
DA:76,0
DA:81,0
DA:87,0
DA:89,0
DA:90,0
DA:91,0
DA:92,0
DA:93,0
DA:94,0
DA:95,0
DA:99,0
DA:104,0
DA:110,0
DA:111,0
DA:112,0
DA:113,0
DA:114,0
DA:116,0
DA:117,0
DA:121,0
DA:128,0
DA:130,0
DA:131,0
DA:132,0
DA:133,0
DA:135,0
DA:136,0
DA:139,0
DA:142,0
DA:143,0
DA:144,0
DA:146,0
DA:147,0
DA:149,0
DA:150,0
DA:161,0
DA:163,0
DA:166,0
DA:168,0
DA:171,0
DA:174,0
DA:176,0
DA:179,0
DA:182,0
DA:183,0
DA:185,0
DA:188,0
DA:191,0
DA:193,0
DA:194,0
DA:195,0
DA:198,0
DA:201,0
DA:203,0
DA:204,0
DA:205,0
DA:208,0
DA:214,0
DA:215,0
DA:216,0
DA:217,0
DA:218,0
DA:233,0
DA:237,0
DA:238,0
DA:239,0
DA:240,0
DA:241,0
DA:242,0
DA:243,0
DA:245,0
DA:246,0
DA:247,0
DA:248,0
DA:249,0
DA:250,0
DA:251,0
DA:252,0
DA:253,0
DA:254,0
DA:255,0
DA:256,0
DA:257,0
DA:258,0
DA:259,0
DA:260,0
DA:261,0
DA:262,0
DA:263,0
DA:265,0
DA:269,0
DA:276,0
DA:279,0
DA:281,0
DA:282,0
DA:283,0
DA:289,0
DA:291,0
DA:294,0
DA:295,0
DA:296,0
DA:299,0
DA:300,0
DA:301,0
DA:304,0
DA:305,0
DA:306,0
DA:309,0
DA:310,0
DA:311,0
DA:314,0
DA:315,0
DA:316,0
DA:319,0
DA:320,0
DA:321,0
DA:324,0
DA:325,0
DA:328,0
DA:329,0
DA:331,0
DA:334,0
DA:335,0
DA:336,0
DA:337,0
DA:340,0
DA:341,0
DA:342,0
DA:343,0
DA:346,0
DA:347,0
DA:348,0
DA:349,0
DA:352,0
DA:353,0
DA:354,0
DA:355,0
DA:358,0
DA:359,0
DA:360,0
DA:361,0
DA:364,0
DA:365,0
DA:366,0
DA:367,0
DA:370,0
DA:371,0
DA:372,0
DA:373,0
DA:376,0
DA:377,0
DA:378,0
DA:379,0
DA:382,0
DA:383,0
DA:384,0
DA:385,0
DA:388,0
DA:389,0
DA:390,0
DA:391,0
DA:394,0
DA:395,0
DA:396,0
DA:397,0
DA:400,0
DA:401,0
DA:402,0
DA:403,0
DA:406,0
DA:407,0
DA:408,0
DA:409,0
DA:412,0
DA:413,0
DA:414,0
DA:417,0
DA:419,0
DA:420,0
DA:422,0
DA:423,0
DA:424,0
end_of_record

SF:/home/kevin/Documents/GitHub/limit-pocs/contracts/libraries/math/OverflowMath.sol
DA:5,0
DA:8,0
DA:10,0
DA:20,0
DA:24,0
DA:34,0
DA:35,0
DA:36,0
DA:39,0
DA:40,0
DA:42,0
DA:44,0
DA:48,0
DA:54,0
DA:56,0
DA:60,0
DA:61,0
DA:66,0
DA:69,0
DA:73,0
DA:79,0
DA:81,0
DA:87,0
DA:91,0
DA:92,0
DA:93,0
DA:94,0
DA:95,0
DA:96,0
DA:103,0
DA:113,0
DA:117,0
DA:118,0
DA:120,0
DA:121,0
DA:122,0
end_of_record

SF:/home/kevin/Documents/GitHub/limit-pocs/contracts/libraries/math/constant-product/DyDxMath.sol
DA:8,0
end_of_record

SF:/home/kevin/Documents/GitHub/limit-pocs/contracts/libraries/math/constant-product/TickMath.sol
DA:10,0
end_of_record

SF:/home/kevin/Documents/GitHub/limit-pocs/contracts/libraries/pool/BurnCall.sol
DA:8,0
DA:23,0
DA:30,0
DA:31,0
DA:32,0
DA:33,0
DA:34,0
DA:35,0
DA:36,0
DA:39,0
DA:41,0
DA:42,0
DA:43,0
DA:44,0
DA:45,0
DA:46,0
DA:47,0
DA:48,0
DA:49,0
DA:50,0
DA:51,0
DA:52,0
DA:53,0
DA:54,0
DA:55,0
DA:56,0
DA:57,0
DA:59,0
DA:63,0
DA:64,0
DA:65,0
DA:66,0
DA:67,0
DA:68,0
DA:69,0
DA:70,0
DA:71,0
DA:72,0
DA:73,0
DA:74,0
DA:75,0
DA:77,0
DA:80,0
DA:81,0
DA:82,0
DA:84,0
DA:85,0
DA:86,0
DA:87,0
DA:88,0
DA:89,0
DA:93,0
DA:101,0
DA:102,0
DA:103,0
DA:104,0
DA:105,0
DA:108,0
DA:110,0
DA:111,0
DA:112,0
DA:113,0
DA:114,0
DA:115,0
DA:116,0
DA:117,0
DA:118,0
DA:119,0
DA:120,0
DA:121,0
DA:122,0
DA:123,0
DA:124,0
DA:125,0
DA:126,0
DA:128,0
DA:132,0
DA:133,0
DA:134,0
DA:135,0
DA:136,0
DA:137,0
DA:138,0
DA:139,0
DA:140,0
DA:141,0
DA:142,0
DA:143,0
DA:144,0
DA:146,0
DA:149,0
DA:150,0
DA:151,0
DA:154,0
DA:156,0
DA:157,0
DA:158,0
DA:159,0
DA:160,0
DA:162,0
DA:163,0
DA:166,0
DA:170,0
end_of_record

SF:/home/kevin/Documents/GitHub/limit-pocs/contracts/libraries/pool/MintCall.sol
DA:11,0
DA:26,0
DA:36,0
DA:39,0
DA:40,0
DA:41,0
DA:45,0
DA:46,0
DA:47,0
DA:48,0
DA:49,0
DA:52,0
DA:54,0
DA:56,0
DA:57,0
DA:58,0
DA:59,0
DA:62,0
DA:63,0
DA:64,0
DA:67,0
DA:68,0
DA:69,0
DA:70,0
DA:71,0
DA:72,0
DA:75,0
DA:77,0
DA:80,0
DA:82,0
DA:83,0
DA:84,0
DA:85,0
DA:86,0
DA:88,0
DA:89,0
DA:90,0
DA:92,0
DA:93,0
DA:95,0
DA:96,0
DA:98,0
DA:99,0
DA:100,0
DA:103,0
DA:105,0
DA:106,0
DA:107,0
DA:108,0
DA:109,0
DA:111,0
DA:112,0
DA:113,0
DA:114,0
DA:115,0
DA:118,0
DA:122,0
DA:125,0
DA:127,0
DA:128,0
DA:129,0
DA:130,0
DA:131,0
DA:132,0
DA:133,0
DA:134,0
DA:135,0
DA:138,0
DA:141,0
DA:145,0
DA:146,0
DA:147,0
DA:148,0
DA:149,0
DA:153,0
DA:164,0
DA:167,0
DA:168,0
DA:172,0
DA:173,0
DA:174,0
DA:175,0
DA:176,0
DA:180,0
DA:182,0
DA:184,0
DA:185,0
DA:186,0
DA:187,0
DA:190,0
DA:191,0
DA:192,0
DA:193,0
DA:194,0
DA:195,0
DA:198,0
DA:200,0
DA:203,0
DA:205,0
DA:206,0
DA:207,0
DA:208,0
DA:209,0
DA:211,0
DA:212,0
DA:213,0
DA:215,0
DA:216,0
DA:218,0
DA:219,0
DA:221,0
DA:222,0
DA:223,0
DA:226,0
DA:228,0
DA:229,0
DA:230,0
DA:231,0
DA:232,0
DA:234,0
DA:235,0
DA:236,0
DA:237,0
DA:238,0
DA:241,0
DA:245,0
DA:248,0
DA:249,0
DA:251,0
DA:252,0
DA:253,0
DA:254,0
DA:255,0
DA:256,0
DA:257,0
DA:258,0
DA:259,0
DA:263,0
end_of_record

SF:/home/kevin/Documents/GitHub/limit-pocs/contracts/libraries/pool/QuoteCall.sol
DA:7,0
DA:18,0
DA:24,0
DA:25,0
DA:26,0
DA:28,0
DA:29,0
DA:30,0
DA:31,0
DA:32,0
DA:33,0
end_of_record

SF:/home/kevin/Documents/GitHub/limit-pocs/contracts/libraries/pool/SwapCall.sol
DA:12,0
DA:29,0
DA:36,0
DA:37,0
DA:39,0
DA:40,0
DA:41,0
DA:42,0
DA:43,0
DA:44,0
DA:46,0
DA:47,0
DA:48,0
DA:49,0
DA:52,0
DA:53,0
DA:54,0
DA:55,0
DA:56,0
DA:60,0
DA:61,0
DA:62,0
DA:63,0
DA:64,0
DA:68,0
DA:69,0
DA:71,0
DA:72,0
DA:74,0
DA:75,0
DA:78,0
DA:79,0
DA:84,0
DA:88,0
DA:89,0
DA:90,0
DA:91,0
DA:92,0
DA:95,0
DA:98,0
DA:99,0
DA:100,0
DA:101,0
DA:102,0
DA:103,0
DA:105,0
DA:107,0
DA:110,0
DA:111,0
DA:114,0
DA:116,0
DA:117,0
DA:120,0
DA:121,0
DA:123,0
DA:126,0
DA:127,0
end_of_record

SF:/home/kevin/Documents/GitHub/limit-pocs/contracts/libraries/solady/Clone.sol
DA:28,0
DA:32,0
DA:352,0
DA:369,0
end_of_record

SF:/home/kevin/Documents/GitHub/limit-pocs/contracts/libraries/solady/LibClone.sol
DA:20,0
DA:37,0
DA:39,0
DA:43,0
DA:44,0
DA:45,0
DA:46,0
DA:47,0
DA:48,0
DA:51,0
DA:54,0
DA:56,0
DA:58,0
DA:59,0
DA:60,0
DA:63,0
DA:64,0
DA:66,0
DA:67,0
DA:68,0
DA:70,0
DA:73,0
DA:76,0
DA:78,0
DA:80,0
DA:84,0
DA:85,0
DA:86,0
DA:87,0
DA:88,0
DA:102,0
DA:103,0
DA:104,0
DA:105,0
DA:106,0
DA:107,0
DA:110,0
DA:113,0
DA:115,0
DA:117,0
DA:118,0
DA:119,0
DA:122,0
DA:123,0
DA:125,0
DA:126,0
DA:127,0
DA:129,0
DA:132,0
DA:135,0
DA:136,0
DA:137,0
DA:138,0
DA:139,0
DA:145,0
DA:152,0
DA:161,0
DA:164,0
DA:169,0
DA:170,0
DA:171,0
DA:172,0
DA:173,0
DA:175,0
end_of_record

SF:/home/kevin/Documents/GitHub/limit-pocs/contracts/libraries/utils/Collect.sol
DA:8,0
DA:9,0
DA:13,0
DA:17,0
DA:18,0
DA:21,0
DA:22,0
DA:23,0
DA:25,0
DA:26,0
DA:27,0
DA:30,0
end_of_record

SF:/home/kevin/Documents/GitHub/limit-pocs/contracts/libraries/utils/SafeCast.sol
DA:6,0
DA:10,0
DA:11,0
DA:17,0
DA:18,0
end_of_record

SF:/home/kevin/Documents/GitHub/limit-pocs/contracts/libraries/utils/SafeState.sol
DA:7,0
end_of_record

SF:/home/kevin/Documents/GitHub/limit-pocs/contracts/libraries/utils/SafeTransfers.sol
DA:6,0
DA:17,0
DA:18,0
DA:19,0
DA:20,0
DA:22,0
DA:23,0
DA:24,0
DA:29,0
DA:31,0
DA:33,0
DA:34,0
DA:36,0
DA:38,0
DA:40,0
DA:41,0
DA:45,0
DA:48,0
DA:51,0
DA:53,0
DA:66,0
DA:70,0
DA:71,0
DA:72,0
DA:73,0
DA:76,0
DA:77,0
DA:81,0
DA:83,0
DA:85,0
DA:86,0
DA:88,0
DA:90,0
DA:92,0
DA:93,0
DA:97,0
DA:100,0
DA:113,4
DA:114,5
DA:115,0
DA:116,0
DA:118,4
DA:119,59
DA:122,67
DA:124,1
DA:126,3
DA:127,4
DA:129,0
DA:131,6
DA:133,4
DA:134,4
DA:138,0
DA:141,4
DA:144,61
DA:146,6
end_of_record

SF:/home/kevin/Documents/GitHub/limit-pocs/contracts/libraries/utils/String.sol
DA:4,0
DA:15,0
DA:17,0
DA:18,0
DA:22,0
DA:24,0
DA:25,0
DA:28,0
DA:30,0
DA:31,0
DA:33,0
DA:37,0
DA:38,0
DA:41,0
DA:44,0
DA:48,0
DA:51,0
DA:52,0
DA:53,0
DA:55,0
DA:56,0
DA:57,0
DA:59,0
DA:60,0
DA:61,0
DA:63,0
DA:64,0
DA:65,0
DA:67,0
DA:68,0
DA:69,0
DA:71,0
DA:72,0
DA:73,0
DA:75,0
DA:76,0
DA:79,0
end_of_record

SF:/home/kevin/Documents/GitHub/limit-pocs/contracts/test/Token20.sol
DA:7,77
DA:10,0
DA:14,0
DA:15,0
DA:18,19
DA:19,6
DA:22,0
DA:23,0
DA:26,0
DA:27,0
end_of_record

SF:/home/kevin/Documents/GitHub/limit-pocs/contracts/utils/LimitPoolErrors.sol
end_of_record

SF:/home/kevin/Documents/GitHub/limit-pocs/contracts/utils/LimitPoolManager.sol
DA:13,0
DA:14,0
DA:15,0
DA:16,0
DA:17,0
DA:26,0
DA:27,0
DA:28,0
DA:29,0
DA:32,0
DA:33,0
DA:34,0
DA:35,0
DA:42,0
DA:47,0
DA:55,0
DA:56,0
DA:57,0
DA:60,0
DA:61,0
DA:62,0
DA:69,0
DA:70,0
DA:71,0
DA:72,0
DA:79,0
DA:80,0
DA:81,0
DA:82,0
DA:85,0
DA:88,0
DA:89,0
DA:90,0
DA:91,0
DA:92,0
DA:95,0
DA:99,0
DA:100,0
DA:101,0
DA:104,0
DA:107,0
DA:108,0
DA:109,0
DA:112,0
DA:114,0
DA:115,0
DA:116,0
DA:117,0
DA:118,0
DA:119,0
DA:121,0
DA:124,0
DA:127,0
DA:132,0
DA:133,0
DA:134,0
DA:135,0
DA:136,0
DA:137,0
DA:139,0
DA:140,0
DA:141,0
DA:142,0
DA:143,0
DA:144,0
DA:145,0
DA:146,0
DA:147,0
DA:148,0
DA:149,0
DA:150,0
DA:153,0
DA:156,0
DA:159,0
DA:162,0
DA:164,0
DA:167,0
DA:170,0
DA:172,0
DA:178,0
DA:179,0
DA:185,0
DA:186,0
end_of_record

SF:/home/kevin/Documents/GitHub/limit-pocs/contracts/utils/PoolRouter.sol
DA:10,0
DA:14,0
DA:15,0
DA:21,0
DA:25,0
DA:26,0
DA:30,0
DA:34,0
DA:35,0
DA:37,0
DA:38,0
DA:39,0
DA:40,0
DA:41,0
DA:45,0
DA:46,0
DA:47,0
DA:48,0
DA:49,0
DA:50,0
DA:51,0
DA:52,0
DA:53,0
DA:55,0
DA:56,0
DA:60,0
DA:63,0
DA:66,0
DA:67,0
DA:69,0
DA:73,0
DA:77,0
DA:78,0
DA:79,0
DA:80,0
DA:82,0
end_of_record

